[0.238s] DEBUG:colcon:Command line arguments: ['/usr/bin/colcon', 'build']
[0.239s] DEBUG:colcon:Parsed command line arguments: Namespace(log_base=None, log_level=None, verb_name='build', build_base='build', install_base='install', merge_install=False, symlink_install=False, test_result_base=None, continue_on_error=False, executor='parallel', parallel_workers=4, event_handlers=None, ignore_user_meta=False, metas=['./colcon.meta'], base_paths=['.'], packages_ignore=None, packages_ignore_regex=None, paths=None, packages_up_to=None, packages_up_to_regex=None, packages_above=None, packages_above_and_dependencies=None, packages_above_depth=None, packages_select_by_dep=None, packages_skip_by_dep=None, packages_skip_up_to=None, packages_select_build_failed=False, packages_skip_build_finished=False, packages_select_test_failures=False, packages_skip_test_passed=False, packages_select=None, packages_skip=None, packages_select_regex=None, packages_skip_regex=None, packages_start=None, packages_end=None, cmake_args=None, cmake_target=None, cmake_target_skip_unavailable=False, cmake_clean_cache=False, cmake_clean_first=False, cmake_force_configure=False, ament_cmake_args=None, catkin_cmake_args=None, catkin_skip_building_tests=False, mixin_files=None, mixin=None, verb_parser=<colcon_mixin.mixin.mixin_argument.MixinArgumentDecorator object at 0xffffaa8e2740>, verb_extension=<colcon_core.verb.build.BuildVerb object at 0xffffab0dac80>, main=<bound method BuildVerb.main of <colcon_core.verb.build.BuildVerb object at 0xffffab0dac80>>, mixin_verb=('build',))
[0.293s] Level 1:colcon.colcon_core.package_discovery:discover_packages(colcon_meta) check parameters
[0.295s] INFO:colcon.colcon_metadata.package_discovery.colcon_meta:Using configuration from '/root/.colcon/metadata/default/Gazebo.meta'
[0.296s] INFO:colcon.colcon_metadata.package_discovery.colcon_meta:Using configuration from '/root/.colcon/metadata/default/fastrtps.meta'
[0.298s] Level 1:colcon.colcon_core.package_discovery:discover_packages(recursive) check parameters
[0.299s] Level 1:colcon.colcon_core.package_discovery:discover_packages(ignore) check parameters
[0.299s] Level 1:colcon.colcon_core.package_discovery:discover_packages(path) check parameters
[0.300s] Level 1:colcon.colcon_core.package_discovery:discover_packages(colcon_meta) discover
[0.301s] Level 1:colcon.colcon_core.package_discovery:discover_packages(recursive) discover
[0.301s] INFO:colcon.colcon_core.package_discovery:Crawling recursively for packages in '/tmp/Desktop/ROS2'
[0.304s] Level 1:colcon.colcon_core.package_identification:_identify(.) by extensions ['ignore', 'ignore_ament_install']
[0.304s] Level 1:colcon.colcon_core.package_identification:_identify(.) by extension 'ignore'
[0.306s] Level 1:colcon.colcon_core.package_identification:_identify(.) by extension 'ignore_ament_install'
[0.307s] Level 1:colcon.colcon_core.package_identification:_identify(.) by extensions ['colcon_pkg']
[0.308s] Level 1:colcon.colcon_core.package_identification:_identify(.) by extension 'colcon_pkg'
[0.309s] Level 1:colcon.colcon_core.package_identification:_identify(.) by extensions ['colcon_meta']
[0.310s] Level 1:colcon.colcon_core.package_identification:_identify(.) by extension 'colcon_meta'
[0.310s] Level 1:colcon.colcon_core.package_identification:_identify(.) by extensions ['ros']
[0.311s] Level 1:colcon.colcon_core.package_identification:_identify(.) by extension 'ros'
[0.322s] Level 1:colcon.colcon_core.package_identification:_identify(.) by extensions ['cmake', 'python']
[0.323s] Level 1:colcon.colcon_core.package_identification:_identify(.) by extension 'cmake'
[0.324s] Level 1:colcon.colcon_core.package_identification:_identify(.) by extension 'python'
[0.326s] Level 1:colcon.colcon_core.package_identification:_identify(.) by extensions ['python_setup_py']
[0.326s] Level 1:colcon.colcon_core.package_identification:_identify(.) by extension 'python_setup_py'
[0.329s] Level 1:colcon.colcon_core.package_identification:_identify(autonomy_stack) by extensions ['ignore', 'ignore_ament_install']
[0.330s] Level 1:colcon.colcon_core.package_identification:_identify(autonomy_stack) by extension 'ignore'
[0.332s] Level 1:colcon.colcon_core.package_identification:_identify(autonomy_stack) by extension 'ignore_ament_install'
[0.334s] Level 1:colcon.colcon_core.package_identification:_identify(autonomy_stack) by extensions ['colcon_pkg']
[0.335s] Level 1:colcon.colcon_core.package_identification:_identify(autonomy_stack) by extension 'colcon_pkg'
[0.336s] Level 1:colcon.colcon_core.package_identification:_identify(autonomy_stack) by extensions ['colcon_meta']
[0.337s] Level 1:colcon.colcon_core.package_identification:_identify(autonomy_stack) by extension 'colcon_meta'
[0.337s] Level 1:colcon.colcon_core.package_identification:_identify(autonomy_stack) by extensions ['ros']
[0.338s] Level 1:colcon.colcon_core.package_identification:_identify(autonomy_stack) by extension 'ros'
[0.341s] Level 1:colcon.colcon_core.package_identification:_identify(autonomy_stack) by extensions ['cmake', 'python']
[0.341s] Level 1:colcon.colcon_core.package_identification:_identify(autonomy_stack) by extension 'cmake'
[0.343s] Level 1:colcon.colcon_core.package_identification:_identify(autonomy_stack) by extension 'python'
[0.344s] Level 1:colcon.colcon_core.package_identification:_identify(autonomy_stack) by extensions ['python_setup_py']
[0.345s] Level 1:colcon.colcon_core.package_identification:_identify(autonomy_stack) by extension 'python_setup_py'
[0.346s] Level 1:colcon.colcon_core.package_identification:_identify(autonomy_stack/src) by extensions ['ignore', 'ignore_ament_install']
[0.347s] Level 1:colcon.colcon_core.package_identification:_identify(autonomy_stack/src) by extension 'ignore'
[0.348s] Level 1:colcon.colcon_core.package_identification:_identify(autonomy_stack/src) by extension 'ignore_ament_install'
[0.351s] Level 1:colcon.colcon_core.package_identification:_identify(autonomy_stack/src) by extensions ['colcon_pkg']
[0.351s] Level 1:colcon.colcon_core.package_identification:_identify(autonomy_stack/src) by extension 'colcon_pkg'
[0.353s] Level 1:colcon.colcon_core.package_identification:_identify(autonomy_stack/src) by extensions ['colcon_meta']
[0.353s] Level 1:colcon.colcon_core.package_identification:_identify(autonomy_stack/src) by extension 'colcon_meta'
[0.354s] Level 1:colcon.colcon_core.package_identification:_identify(autonomy_stack/src) by extensions ['ros']
[0.355s] Level 1:colcon.colcon_core.package_identification:_identify(autonomy_stack/src) by extension 'ros'
[0.358s] Level 1:colcon.colcon_core.package_identification:_identify(autonomy_stack/src) by extensions ['cmake', 'python']
[0.359s] Level 1:colcon.colcon_core.package_identification:_identify(autonomy_stack/src) by extension 'cmake'
[0.360s] Level 1:colcon.colcon_core.package_identification:_identify(autonomy_stack/src) by extension 'python'
[0.362s] Level 1:colcon.colcon_core.package_identification:_identify(autonomy_stack/src) by extensions ['python_setup_py']
[0.363s] Level 1:colcon.colcon_core.package_identification:_identify(autonomy_stack/src) by extension 'python_setup_py'
[0.366s] Level 1:colcon.colcon_core.package_identification:_identify(autonomy_stack/src/control_stack) by extensions ['ignore', 'ignore_ament_install']
[0.367s] Level 1:colcon.colcon_core.package_identification:_identify(autonomy_stack/src/control_stack) by extension 'ignore'
[0.368s] Level 1:colcon.colcon_core.package_identification:_identify(autonomy_stack/src/control_stack) by extension 'ignore_ament_install'
[0.369s] Level 1:colcon.colcon_core.package_identification:_identify(autonomy_stack/src/control_stack) by extensions ['colcon_pkg']
[0.370s] Level 1:colcon.colcon_core.package_identification:_identify(autonomy_stack/src/control_stack) by extension 'colcon_pkg'
[0.371s] Level 1:colcon.colcon_core.package_identification:_identify(autonomy_stack/src/control_stack) by extensions ['colcon_meta']
[0.372s] Level 1:colcon.colcon_core.package_identification:_identify(autonomy_stack/src/control_stack) by extension 'colcon_meta'
[0.373s] Level 1:colcon.colcon_core.package_identification:_identify(autonomy_stack/src/control_stack) by extensions ['ros']
[0.374s] Level 1:colcon.colcon_core.package_identification:_identify(autonomy_stack/src/control_stack) by extension 'ros'
[0.382s] DEBUG:colcon.colcon_core.package_identification:Package 'autonomy_stack/src/control_stack' with type 'ros.ament_python' and name 'control_stack'
[0.385s] Level 1:colcon.colcon_core.package_identification:_identify(build) by extensions ['ignore', 'ignore_ament_install']
[0.385s] Level 1:colcon.colcon_core.package_identification:_identify(build) by extension 'ignore'
[0.386s] Level 1:colcon.colcon_core.package_identification:_identify(build) ignored
[0.389s] Level 1:colcon.colcon_core.package_identification:_identify(install) by extensions ['ignore', 'ignore_ament_install']
[0.389s] Level 1:colcon.colcon_core.package_identification:_identify(install) by extension 'ignore'
[0.390s] Level 1:colcon.colcon_core.package_identification:_identify(install) ignored
[0.396s] Level 1:colcon.colcon_core.package_identification:_identify(log) by extensions ['ignore', 'ignore_ament_install']
[0.397s] Level 1:colcon.colcon_core.package_identification:_identify(log) by extension 'ignore'
[0.397s] Level 1:colcon.colcon_core.package_identification:_identify(log) ignored
[0.398s] Level 1:colcon.colcon_core.package_discovery:discover_packages(recursive) using defaults
[0.399s] Level 1:colcon.colcon_core.package_discovery:discover_packages(ignore) discover
[0.399s] Level 1:colcon.colcon_core.package_discovery:discover_packages(ignore) using defaults
[0.400s] Level 1:colcon.colcon_core.package_discovery:discover_packages(path) discover
[0.401s] Level 1:colcon.colcon_core.package_discovery:discover_packages(path) using defaults
[0.430s] Level 5:colcon.colcon_core.verb:set package 'control_stack' build argument 'cmake_args' from command line to 'None'
[0.431s] Level 5:colcon.colcon_core.verb:set package 'control_stack' build argument 'cmake_target' from command line to 'None'
[0.432s] Level 5:colcon.colcon_core.verb:set package 'control_stack' build argument 'cmake_target_skip_unavailable' from command line to 'False'
[0.432s] Level 5:colcon.colcon_core.verb:set package 'control_stack' build argument 'cmake_clean_cache' from command line to 'False'
[0.433s] Level 5:colcon.colcon_core.verb:set package 'control_stack' build argument 'cmake_clean_first' from command line to 'False'
[0.433s] Level 5:colcon.colcon_core.verb:set package 'control_stack' build argument 'cmake_force_configure' from command line to 'False'
[0.434s] Level 5:colcon.colcon_core.verb:set package 'control_stack' build argument 'ament_cmake_args' from command line to 'None'
[0.434s] Level 5:colcon.colcon_core.verb:set package 'control_stack' build argument 'catkin_cmake_args' from command line to 'None'
[0.435s] Level 5:colcon.colcon_core.verb:set package 'control_stack' build argument 'catkin_skip_building_tests' from command line to 'False'
[0.436s] DEBUG:colcon.colcon_core.verb:Building package 'control_stack' with the following arguments: {'ament_cmake_args': None, 'build_base': '/tmp/Desktop/ROS2/build/control_stack', 'catkin_cmake_args': None, 'catkin_skip_building_tests': False, 'cmake_args': None, 'cmake_clean_cache': False, 'cmake_clean_first': False, 'cmake_force_configure': False, 'cmake_target': None, 'cmake_target_skip_unavailable': False, 'install_base': '/tmp/Desktop/ROS2/install/control_stack', 'merge_install': False, 'path': '/tmp/Desktop/ROS2/autonomy_stack/src/control_stack', 'symlink_install': False, 'test_result_base': None}
[0.437s] INFO:colcon.colcon_core.executor:Executing jobs using 'parallel' executor
[0.438s] DEBUG:colcon.colcon_parallel_executor.executor.parallel:run_until_complete
[0.439s] INFO:colcon.colcon_ros.task.ament_python.build:Building ROS package in '/tmp/Desktop/ROS2/autonomy_stack/src/control_stack' with build type 'ament_python'
[0.440s] Level 1:colcon.colcon_core.shell:create_environment_hook('control_stack', 'ament_prefix_path')
[0.446s] INFO:colcon.colcon_core.plugin_system:Skipping extension 'colcon_core.shell.bat': Not used on non-Windows systems
[0.447s] INFO:colcon.colcon_core.shell:Creating environment hook '/tmp/Desktop/ROS2/install/control_stack/share/control_stack/hook/ament_prefix_path.ps1'
[0.462s] INFO:colcon.colcon_core.shell:Creating environment descriptor '/tmp/Desktop/ROS2/install/control_stack/share/control_stack/hook/ament_prefix_path.dsv'
[0.469s] INFO:colcon.colcon_core.shell:Creating environment hook '/tmp/Desktop/ROS2/install/control_stack/share/control_stack/hook/ament_prefix_path.sh'
[0.475s] INFO:colcon.colcon_core.shell:Skip shell extension 'powershell' for command environment: Not usable outside of PowerShell
[0.476s] DEBUG:colcon.colcon_core.shell:Skip shell extension 'dsv' for command environment
[0.610s] INFO:colcon.colcon_core.task.python.build:Building Python package in '/tmp/Desktop/ROS2/autonomy_stack/src/control_stack'
[0.611s] INFO:colcon.colcon_core.shell:Skip shell extension 'powershell' for command environment: Not usable outside of PowerShell
[0.612s] DEBUG:colcon.colcon_core.shell:Skip shell extension 'dsv' for command environment
[0.832s] DEBUG:colcon.colcon_core.event_handler.log_command:Invoking command in '/tmp/Desktop/ROS2/autonomy_stack/src/control_stack': PYTHONPATH=/tmp/Desktop/ROS2/install/control_stack/lib/python3.10/site-packages:${PYTHONPATH} /usr/bin/python3 setup.py egg_info --egg-base ../../../build/control_stack build --build-base /tmp/Desktop/ROS2/build/control_stack/build install --prefix /tmp/Desktop/ROS2/install/control_stack --record /tmp/Desktop/ROS2/build/control_stack/install.log --single-version-externally-managed
[1.192s] DEBUG:colcon.colcon_core.event_handler.log_command:Invoked command in '/tmp/Desktop/ROS2/autonomy_stack/src/control_stack' returned '0': PYTHONPATH=/tmp/Desktop/ROS2/install/control_stack/lib/python3.10/site-packages:${PYTHONPATH} /usr/bin/python3 setup.py egg_info --egg-base ../../../build/control_stack build --build-base /tmp/Desktop/ROS2/build/control_stack/build install --prefix /tmp/Desktop/ROS2/install/control_stack --record /tmp/Desktop/ROS2/build/control_stack/install.log --single-version-externally-managed
[1.204s] Level 1:colcon.colcon_core.environment:checking '/tmp/Desktop/ROS2/install/control_stack' for CMake module files
[1.221s] Level 1:colcon.colcon_core.environment:checking '/tmp/Desktop/ROS2/install/control_stack' for CMake config files
[1.241s] Level 1:colcon.colcon_core.environment:checking '/tmp/Desktop/ROS2/install/control_stack/lib'
[1.242s] Level 1:colcon.colcon_core.environment:checking '/tmp/Desktop/ROS2/install/control_stack/bin'
[1.244s] Level 1:colcon.colcon_core.environment:checking '/tmp/Desktop/ROS2/install/control_stack/lib/pkgconfig/control_stack.pc'
[1.245s] Level 1:colcon.colcon_core.environment:checking '/tmp/Desktop/ROS2/install/control_stack/lib/python3.10/site-packages'
[1.246s] Level 1:colcon.colcon_core.shell:create_environment_hook('control_stack', 'pythonpath')
[1.247s] INFO:colcon.colcon_core.shell:Creating environment hook '/tmp/Desktop/ROS2/install/control_stack/share/control_stack/hook/pythonpath.ps1'
[1.252s] INFO:colcon.colcon_core.shell:Creating environment descriptor '/tmp/Desktop/ROS2/install/control_stack/share/control_stack/hook/pythonpath.dsv'
[1.256s] INFO:colcon.colcon_core.shell:Creating environment hook '/tmp/Desktop/ROS2/install/control_stack/share/control_stack/hook/pythonpath.sh'
[1.261s] Level 1:colcon.colcon_core.environment:checking '/tmp/Desktop/ROS2/install/control_stack/bin'
[1.262s] Level 1:colcon.colcon_core.environment:create_environment_scripts_only(control_stack)
[1.263s] INFO:colcon.colcon_core.shell:Creating package script '/tmp/Desktop/ROS2/install/control_stack/share/control_stack/package.ps1'
[1.268s] INFO:colcon.colcon_core.shell:Creating package descriptor '/tmp/Desktop/ROS2/install/control_stack/share/control_stack/package.dsv'
[1.274s] INFO:colcon.colcon_core.shell:Creating package script '/tmp/Desktop/ROS2/install/control_stack/share/control_stack/package.sh'
[1.279s] INFO:colcon.colcon_core.shell:Creating package script '/tmp/Desktop/ROS2/install/control_stack/share/control_stack/package.bash'
[1.284s] INFO:colcon.colcon_core.shell:Creating package script '/tmp/Desktop/ROS2/install/control_stack/share/control_stack/package.zsh'
[1.290s] Level 1:colcon.colcon_core.environment:create_file_with_runtime_dependencies(/tmp/Desktop/ROS2/install/control_stack/share/colcon-core/packages/control_stack)
[1.298s] DEBUG:colcon.colcon_parallel_executor.executor.parallel:closing loop
[1.299s] DEBUG:colcon.colcon_parallel_executor.executor.parallel:loop closed
[1.301s] DEBUG:colcon.colcon_parallel_executor.executor.parallel:run_until_complete finished with '0'
[1.302s] DEBUG:colcon.colcon_core.event_reactor:joining thread
[1.318s] INFO:colcon.colcon_core.plugin_system:Skipping extension 'colcon_notification.desktop_notification.notify_send': Could not find 'notify-send'
[1.320s] INFO:colcon.colcon_core.plugin_system:Skipping extension 'colcon_notification.desktop_notification.terminal_notifier': Not used on non-Darwin systems
[1.321s] INFO:colcon.colcon_core.plugin_system:Skipping extension 'colcon_notification.desktop_notification.win32': Not used on non-Windows systems
[1.321s] INFO:colcon.colcon_notification.desktop_notification:Sending desktop notification using 'notify2'
[1.322s] DEBUG:colcon.colcon_notification.desktop_notification.notify2:Failed to initialize notify2: org.freedesktop.DBus.Error.NotSupported: Unable to autolaunch a dbus-daemon without a $DISPLAY for X11
[1.323s] DEBUG:colcon.colcon_core.event_reactor:joined thread
[1.323s] INFO:colcon.colcon_core.shell:Creating prefix script '/tmp/Desktop/ROS2/install/local_setup.ps1'
[1.330s] INFO:colcon.colcon_core.shell:Creating prefix util module '/tmp/Desktop/ROS2/install/_local_setup_util_ps1.py'
[1.336s] INFO:colcon.colcon_core.shell:Creating prefix chain script '/tmp/Desktop/ROS2/install/setup.ps1'
[1.341s] INFO:colcon.colcon_core.shell:Creating prefix script '/tmp/Desktop/ROS2/install/local_setup.sh'
[1.346s] INFO:colcon.colcon_core.shell:Creating prefix util module '/tmp/Desktop/ROS2/install/_local_setup_util_sh.py'
[1.351s] INFO:colcon.colcon_core.shell:Creating prefix chain script '/tmp/Desktop/ROS2/install/setup.sh'
[1.356s] INFO:colcon.colcon_core.shell:Creating prefix script '/tmp/Desktop/ROS2/install/local_setup.bash'
[1.361s] INFO:colcon.colcon_core.shell:Creating prefix chain script '/tmp/Desktop/ROS2/install/setup.bash'
[1.366s] INFO:colcon.colcon_core.shell:Creating prefix script '/tmp/Desktop/ROS2/install/local_setup.zsh'
[1.370s] INFO:colcon.colcon_core.shell:Creating prefix chain script '/tmp/Desktop/ROS2/install/setup.zsh'
