[0.136s] DEBUG:colcon:Command line arguments: ['/usr/bin/colcon', 'build']
[0.137s] DEBUG:colcon:Parsed command line arguments: Namespace(log_base=None, log_level=None, verb_name='build', build_base='build', install_base='install', merge_install=False, symlink_install=False, test_result_base=None, continue_on_error=False, executor='parallel', parallel_workers=4, event_handlers=None, ignore_user_meta=False, metas=['./colcon.meta'], base_paths=['.'], packages_ignore=None, packages_ignore_regex=None, paths=None, packages_up_to=None, packages_up_to_regex=None, packages_above=None, packages_above_and_dependencies=None, packages_above_depth=None, packages_select_by_dep=None, packages_skip_by_dep=None, packages_skip_up_to=None, packages_select_build_failed=False, packages_skip_build_finished=False, packages_select_test_failures=False, packages_skip_test_passed=False, packages_select=None, packages_skip=None, packages_select_regex=None, packages_skip_regex=None, packages_start=None, packages_end=None, cmake_args=None, cmake_target=None, cmake_target_skip_unavailable=False, cmake_clean_cache=False, cmake_clean_first=False, cmake_force_configure=False, ament_cmake_args=None, catkin_cmake_args=None, catkin_skip_building_tests=False, mixin_files=None, mixin=None, verb_parser=<colcon_mixin.mixin.mixin_argument.MixinArgumentDecorator object at 0xffff8c19e6e0>, verb_extension=<colcon_core.verb.build.BuildVerb object at 0xffff8c99ac50>, main=<bound method BuildVerb.main of <colcon_core.verb.build.BuildVerb object at 0xffff8c99ac50>>, mixin_verb=('build',))
[0.167s] Level 1:colcon.colcon_core.package_discovery:discover_packages(colcon_meta) check parameters
[0.168s] INFO:colcon.colcon_metadata.package_discovery.colcon_meta:Using configuration from '/root/.colcon/metadata/default/Gazebo.meta'
[0.169s] INFO:colcon.colcon_metadata.package_discovery.colcon_meta:Using configuration from '/root/.colcon/metadata/default/fastrtps.meta'
[0.171s] Level 1:colcon.colcon_core.package_discovery:discover_packages(recursive) check parameters
[0.172s] Level 1:colcon.colcon_core.package_discovery:discover_packages(ignore) check parameters
[0.173s] Level 1:colcon.colcon_core.package_discovery:discover_packages(path) check parameters
[0.174s] Level 1:colcon.colcon_core.package_discovery:discover_packages(colcon_meta) discover
[0.174s] Level 1:colcon.colcon_core.package_discovery:discover_packages(recursive) discover
[0.175s] INFO:colcon.colcon_core.package_discovery:Crawling recursively for packages in '/tmp/GitHub-Repositories/Autonomous-Vehicle/autonomy_stack'
[0.178s] Level 1:colcon.colcon_core.package_identification:_identify(.) by extensions ['ignore', 'ignore_ament_install']
[0.178s] Level 1:colcon.colcon_core.package_identification:_identify(.) by extension 'ignore'
[0.180s] Level 1:colcon.colcon_core.package_identification:_identify(.) by extension 'ignore_ament_install'
[0.181s] Level 1:colcon.colcon_core.package_identification:_identify(.) by extensions ['colcon_pkg']
[0.182s] Level 1:colcon.colcon_core.package_identification:_identify(.) by extension 'colcon_pkg'
[0.183s] Level 1:colcon.colcon_core.package_identification:_identify(.) by extensions ['colcon_meta']
[0.184s] Level 1:colcon.colcon_core.package_identification:_identify(.) by extension 'colcon_meta'
[0.185s] Level 1:colcon.colcon_core.package_identification:_identify(.) by extensions ['ros']
[0.185s] Level 1:colcon.colcon_core.package_identification:_identify(.) by extension 'ros'
[0.196s] Level 1:colcon.colcon_core.package_identification:_identify(.) by extensions ['cmake', 'python']
[0.197s] Level 1:colcon.colcon_core.package_identification:_identify(.) by extension 'cmake'
[0.198s] Level 1:colcon.colcon_core.package_identification:_identify(.) by extension 'python'
[0.200s] Level 1:colcon.colcon_core.package_identification:_identify(.) by extensions ['python_setup_py']
[0.200s] Level 1:colcon.colcon_core.package_identification:_identify(.) by extension 'python_setup_py'
[0.205s] Level 1:colcon.colcon_core.package_identification:_identify(build) by extensions ['ignore', 'ignore_ament_install']
[0.206s] Level 1:colcon.colcon_core.package_identification:_identify(build) by extension 'ignore'
[0.207s] Level 1:colcon.colcon_core.package_identification:_identify(build) ignored
[0.210s] Level 1:colcon.colcon_core.package_identification:_identify(install) by extensions ['ignore', 'ignore_ament_install']
[0.210s] Level 1:colcon.colcon_core.package_identification:_identify(install) by extension 'ignore'
[0.211s] Level 1:colcon.colcon_core.package_identification:_identify(install) ignored
[0.217s] Level 1:colcon.colcon_core.package_identification:_identify(log) by extensions ['ignore', 'ignore_ament_install']
[0.218s] Level 1:colcon.colcon_core.package_identification:_identify(log) by extension 'ignore'
[0.218s] Level 1:colcon.colcon_core.package_identification:_identify(log) ignored
[0.219s] Level 1:colcon.colcon_core.package_identification:_identify(src) by extensions ['ignore', 'ignore_ament_install']
[0.220s] Level 1:colcon.colcon_core.package_identification:_identify(src) by extension 'ignore'
[0.221s] Level 1:colcon.colcon_core.package_identification:_identify(src) by extension 'ignore_ament_install'
[0.223s] Level 1:colcon.colcon_core.package_identification:_identify(src) by extensions ['colcon_pkg']
[0.223s] Level 1:colcon.colcon_core.package_identification:_identify(src) by extension 'colcon_pkg'
[0.224s] Level 1:colcon.colcon_core.package_identification:_identify(src) by extensions ['colcon_meta']
[0.225s] Level 1:colcon.colcon_core.package_identification:_identify(src) by extension 'colcon_meta'
[0.226s] Level 1:colcon.colcon_core.package_identification:_identify(src) by extensions ['ros']
[0.226s] Level 1:colcon.colcon_core.package_identification:_identify(src) by extension 'ros'
[0.229s] Level 1:colcon.colcon_core.package_identification:_identify(src) by extensions ['cmake', 'python']
[0.230s] Level 1:colcon.colcon_core.package_identification:_identify(src) by extension 'cmake'
[0.231s] Level 1:colcon.colcon_core.package_identification:_identify(src) by extension 'python'
[0.233s] Level 1:colcon.colcon_core.package_identification:_identify(src) by extensions ['python_setup_py']
[0.233s] Level 1:colcon.colcon_core.package_identification:_identify(src) by extension 'python_setup_py'
[0.236s] Level 1:colcon.colcon_core.package_identification:_identify(src/control_stack) by extensions ['ignore', 'ignore_ament_install']
[0.237s] Level 1:colcon.colcon_core.package_identification:_identify(src/control_stack) by extension 'ignore'
[0.238s] Level 1:colcon.colcon_core.package_identification:_identify(src/control_stack) by extension 'ignore_ament_install'
[0.240s] Level 1:colcon.colcon_core.package_identification:_identify(src/control_stack) by extensions ['colcon_pkg']
[0.241s] Level 1:colcon.colcon_core.package_identification:_identify(src/control_stack) by extension 'colcon_pkg'
[0.243s] Level 1:colcon.colcon_core.package_identification:_identify(src/control_stack) by extensions ['colcon_meta']
[0.243s] Level 1:colcon.colcon_core.package_identification:_identify(src/control_stack) by extension 'colcon_meta'
[0.244s] Level 1:colcon.colcon_core.package_identification:_identify(src/control_stack) by extensions ['ros']
[0.245s] Level 1:colcon.colcon_core.package_identification:_identify(src/control_stack) by extension 'ros'
[0.250s] DEBUG:colcon.colcon_core.package_identification:Package 'src/control_stack' with type 'ros.ament_python' and name 'control_stack'
[0.251s] Level 1:colcon.colcon_core.package_discovery:discover_packages(recursive) using defaults
[0.251s] Level 1:colcon.colcon_core.package_discovery:discover_packages(ignore) discover
[0.252s] Level 1:colcon.colcon_core.package_discovery:discover_packages(ignore) using defaults
[0.253s] Level 1:colcon.colcon_core.package_discovery:discover_packages(path) discover
[0.253s] Level 1:colcon.colcon_core.package_discovery:discover_packages(path) using defaults
[0.271s] Level 5:colcon.colcon_core.verb:set package 'control_stack' build argument 'cmake_args' from command line to 'None'
[0.272s] Level 5:colcon.colcon_core.verb:set package 'control_stack' build argument 'cmake_target' from command line to 'None'
[0.273s] Level 5:colcon.colcon_core.verb:set package 'control_stack' build argument 'cmake_target_skip_unavailable' from command line to 'False'
[0.274s] Level 5:colcon.colcon_core.verb:set package 'control_stack' build argument 'cmake_clean_cache' from command line to 'False'
[0.275s] Level 5:colcon.colcon_core.verb:set package 'control_stack' build argument 'cmake_clean_first' from command line to 'False'
[0.276s] Level 5:colcon.colcon_core.verb:set package 'control_stack' build argument 'cmake_force_configure' from command line to 'False'
[0.276s] Level 5:colcon.colcon_core.verb:set package 'control_stack' build argument 'ament_cmake_args' from command line to 'None'
[0.277s] Level 5:colcon.colcon_core.verb:set package 'control_stack' build argument 'catkin_cmake_args' from command line to 'None'
[0.278s] Level 5:colcon.colcon_core.verb:set package 'control_stack' build argument 'catkin_skip_building_tests' from command line to 'False'
[0.279s] DEBUG:colcon.colcon_core.verb:Building package 'control_stack' with the following arguments: {'ament_cmake_args': None, 'build_base': '/tmp/GitHub-Repositories/Autonomous-Vehicle/autonomy_stack/build/control_stack', 'catkin_cmake_args': None, 'catkin_skip_building_tests': False, 'cmake_args': None, 'cmake_clean_cache': False, 'cmake_clean_first': False, 'cmake_force_configure': False, 'cmake_target': None, 'cmake_target_skip_unavailable': False, 'install_base': '/tmp/GitHub-Repositories/Autonomous-Vehicle/autonomy_stack/install/control_stack', 'merge_install': False, 'path': '/tmp/GitHub-Repositories/Autonomous-Vehicle/autonomy_stack/src/control_stack', 'symlink_install': False, 'test_result_base': None}
[0.280s] INFO:colcon.colcon_core.executor:Executing jobs using 'parallel' executor
[0.281s] DEBUG:colcon.colcon_parallel_executor.executor.parallel:run_until_complete
[0.282s] INFO:colcon.colcon_ros.task.ament_python.build:Building ROS package in '/tmp/GitHub-Repositories/Autonomous-Vehicle/autonomy_stack/src/control_stack' with build type 'ament_python'
[0.283s] Level 1:colcon.colcon_core.shell:create_environment_hook('control_stack', 'ament_prefix_path')
[0.286s] INFO:colcon.colcon_core.plugin_system:Skipping extension 'colcon_core.shell.bat': Not used on non-Windows systems
[0.287s] INFO:colcon.colcon_core.shell:Creating environment hook '/tmp/GitHub-Repositories/Autonomous-Vehicle/autonomy_stack/install/control_stack/share/control_stack/hook/ament_prefix_path.ps1'
[0.303s] INFO:colcon.colcon_core.shell:Creating environment descriptor '/tmp/GitHub-Repositories/Autonomous-Vehicle/autonomy_stack/install/control_stack/share/control_stack/hook/ament_prefix_path.dsv'
[0.309s] INFO:colcon.colcon_core.shell:Creating environment hook '/tmp/GitHub-Repositories/Autonomous-Vehicle/autonomy_stack/install/control_stack/share/control_stack/hook/ament_prefix_path.sh'
[0.314s] INFO:colcon.colcon_core.shell:Skip shell extension 'powershell' for command environment: Not usable outside of PowerShell
[0.315s] DEBUG:colcon.colcon_core.shell:Skip shell extension 'dsv' for command environment
[0.439s] INFO:colcon.colcon_core.task.python.build:Building Python package in '/tmp/GitHub-Repositories/Autonomous-Vehicle/autonomy_stack/src/control_stack'
[0.440s] INFO:colcon.colcon_core.shell:Skip shell extension 'powershell' for command environment: Not usable outside of PowerShell
[0.441s] DEBUG:colcon.colcon_core.shell:Skip shell extension 'dsv' for command environment
[0.629s] DEBUG:colcon.colcon_core.event_handler.log_command:Invoking command in '/tmp/GitHub-Repositories/Autonomous-Vehicle/autonomy_stack/src/control_stack': PYTHONPATH=/tmp/GitHub-Repositories/Autonomous-Vehicle/autonomy_stack/install/control_stack/lib/python3.10/site-packages:${PYTHONPATH} /usr/bin/python3 setup.py egg_info --egg-base ../../build/control_stack build --build-base /tmp/GitHub-Repositories/Autonomous-Vehicle/autonomy_stack/build/control_stack/build install --prefix /tmp/GitHub-Repositories/Autonomous-Vehicle/autonomy_stack/install/control_stack --record /tmp/GitHub-Repositories/Autonomous-Vehicle/autonomy_stack/build/control_stack/install.log --single-version-externally-managed
[0.966s] DEBUG:colcon.colcon_core.event_handler.log_command:Invoked command in '/tmp/GitHub-Repositories/Autonomous-Vehicle/autonomy_stack/src/control_stack' returned '0': PYTHONPATH=/tmp/GitHub-Repositories/Autonomous-Vehicle/autonomy_stack/install/control_stack/lib/python3.10/site-packages:${PYTHONPATH} /usr/bin/python3 setup.py egg_info --egg-base ../../build/control_stack build --build-base /tmp/GitHub-Repositories/Autonomous-Vehicle/autonomy_stack/build/control_stack/build install --prefix /tmp/GitHub-Repositories/Autonomous-Vehicle/autonomy_stack/install/control_stack --record /tmp/GitHub-Repositories/Autonomous-Vehicle/autonomy_stack/build/control_stack/install.log --single-version-externally-managed
[0.966s] Level 1:colcon.colcon_core.environment:checking '/tmp/GitHub-Repositories/Autonomous-Vehicle/autonomy_stack/install/control_stack' for CMake module files
[0.983s] Level 1:colcon.colcon_core.environment:checking '/tmp/GitHub-Repositories/Autonomous-Vehicle/autonomy_stack/install/control_stack' for CMake config files
[1.002s] Level 1:colcon.colcon_core.environment:checking '/tmp/GitHub-Repositories/Autonomous-Vehicle/autonomy_stack/install/control_stack/lib'
[1.004s] Level 1:colcon.colcon_core.environment:checking '/tmp/GitHub-Repositories/Autonomous-Vehicle/autonomy_stack/install/control_stack/bin'
[1.005s] Level 1:colcon.colcon_core.environment:checking '/tmp/GitHub-Repositories/Autonomous-Vehicle/autonomy_stack/install/control_stack/lib/pkgconfig/control_stack.pc'
[1.007s] Level 1:colcon.colcon_core.environment:checking '/tmp/GitHub-Repositories/Autonomous-Vehicle/autonomy_stack/install/control_stack/lib/python3.10/site-packages'
[1.007s] Level 1:colcon.colcon_core.shell:create_environment_hook('control_stack', 'pythonpath')
[1.008s] INFO:colcon.colcon_core.shell:Creating environment hook '/tmp/GitHub-Repositories/Autonomous-Vehicle/autonomy_stack/install/control_stack/share/control_stack/hook/pythonpath.ps1'
[1.013s] INFO:colcon.colcon_core.shell:Creating environment descriptor '/tmp/GitHub-Repositories/Autonomous-Vehicle/autonomy_stack/install/control_stack/share/control_stack/hook/pythonpath.dsv'
[1.020s] INFO:colcon.colcon_core.shell:Creating environment hook '/tmp/GitHub-Repositories/Autonomous-Vehicle/autonomy_stack/install/control_stack/share/control_stack/hook/pythonpath.sh'
[1.028s] Level 1:colcon.colcon_core.environment:checking '/tmp/GitHub-Repositories/Autonomous-Vehicle/autonomy_stack/install/control_stack/bin'
[1.029s] Level 1:colcon.colcon_core.environment:create_environment_scripts_only(control_stack)
[1.031s] INFO:colcon.colcon_core.shell:Creating package script '/tmp/GitHub-Repositories/Autonomous-Vehicle/autonomy_stack/install/control_stack/share/control_stack/package.ps1'
[1.038s] INFO:colcon.colcon_core.shell:Creating package descriptor '/tmp/GitHub-Repositories/Autonomous-Vehicle/autonomy_stack/install/control_stack/share/control_stack/package.dsv'
[1.044s] INFO:colcon.colcon_core.shell:Creating package script '/tmp/GitHub-Repositories/Autonomous-Vehicle/autonomy_stack/install/control_stack/share/control_stack/package.sh'
[1.049s] INFO:colcon.colcon_core.shell:Creating package script '/tmp/GitHub-Repositories/Autonomous-Vehicle/autonomy_stack/install/control_stack/share/control_stack/package.bash'
[1.054s] INFO:colcon.colcon_core.shell:Creating package script '/tmp/GitHub-Repositories/Autonomous-Vehicle/autonomy_stack/install/control_stack/share/control_stack/package.zsh'
[1.059s] Level 1:colcon.colcon_core.environment:create_file_with_runtime_dependencies(/tmp/GitHub-Repositories/Autonomous-Vehicle/autonomy_stack/install/control_stack/share/colcon-core/packages/control_stack)
[1.070s] DEBUG:colcon.colcon_parallel_executor.executor.parallel:closing loop
[1.072s] DEBUG:colcon.colcon_parallel_executor.executor.parallel:loop closed
[1.074s] DEBUG:colcon.colcon_parallel_executor.executor.parallel:run_until_complete finished with '0'
[1.076s] DEBUG:colcon.colcon_core.event_reactor:joining thread
[1.090s] INFO:colcon.colcon_core.plugin_system:Skipping extension 'colcon_notification.desktop_notification.notify_send': Could not find 'notify-send'
[1.091s] INFO:colcon.colcon_core.plugin_system:Skipping extension 'colcon_notification.desktop_notification.terminal_notifier': Not used on non-Darwin systems
[1.092s] INFO:colcon.colcon_core.plugin_system:Skipping extension 'colcon_notification.desktop_notification.win32': Not used on non-Windows systems
[1.093s] INFO:colcon.colcon_notification.desktop_notification:Sending desktop notification using 'notify2'
[1.093s] DEBUG:colcon.colcon_notification.desktop_notification.notify2:Failed to initialize notify2: org.freedesktop.DBus.Error.NotSupported: Unable to autolaunch a dbus-daemon without a $DISPLAY for X11
[1.094s] DEBUG:colcon.colcon_core.event_reactor:joined thread
[1.096s] INFO:colcon.colcon_core.shell:Creating prefix script '/tmp/GitHub-Repositories/Autonomous-Vehicle/autonomy_stack/install/local_setup.ps1'
[1.101s] INFO:colcon.colcon_core.shell:Creating prefix util module '/tmp/GitHub-Repositories/Autonomous-Vehicle/autonomy_stack/install/_local_setup_util_ps1.py'
[1.107s] INFO:colcon.colcon_core.shell:Creating prefix chain script '/tmp/GitHub-Repositories/Autonomous-Vehicle/autonomy_stack/install/setup.ps1'
[1.113s] INFO:colcon.colcon_core.shell:Creating prefix script '/tmp/GitHub-Repositories/Autonomous-Vehicle/autonomy_stack/install/local_setup.sh'
[1.118s] INFO:colcon.colcon_core.shell:Creating prefix util module '/tmp/GitHub-Repositories/Autonomous-Vehicle/autonomy_stack/install/_local_setup_util_sh.py'
[1.123s] INFO:colcon.colcon_core.shell:Creating prefix chain script '/tmp/GitHub-Repositories/Autonomous-Vehicle/autonomy_stack/install/setup.sh'
[1.128s] INFO:colcon.colcon_core.shell:Creating prefix script '/tmp/GitHub-Repositories/Autonomous-Vehicle/autonomy_stack/install/local_setup.bash'
[1.134s] INFO:colcon.colcon_core.shell:Creating prefix chain script '/tmp/GitHub-Repositories/Autonomous-Vehicle/autonomy_stack/install/setup.bash'
[1.141s] INFO:colcon.colcon_core.shell:Creating prefix script '/tmp/GitHub-Repositories/Autonomous-Vehicle/autonomy_stack/install/local_setup.zsh'
[1.146s] INFO:colcon.colcon_core.shell:Creating prefix chain script '/tmp/GitHub-Repositories/Autonomous-Vehicle/autonomy_stack/install/setup.zsh'
