[0.156s] DEBUG:colcon:Command line arguments: ['/usr/bin/colcon', 'build']
[0.157s] DEBUG:colcon:Parsed command line arguments: Namespace(log_base=None, log_level=None, verb_name='build', build_base='build', install_base='install', merge_install=False, symlink_install=False, test_result_base=None, continue_on_error=False, executor='parallel', parallel_workers=4, event_handlers=None, ignore_user_meta=False, metas=['./colcon.meta'], base_paths=['.'], packages_ignore=None, packages_ignore_regex=None, paths=None, packages_up_to=None, packages_up_to_regex=None, packages_above=None, packages_above_and_dependencies=None, packages_above_depth=None, packages_select_by_dep=None, packages_skip_by_dep=None, packages_skip_up_to=None, packages_select_build_failed=False, packages_skip_build_finished=False, packages_select_test_failures=False, packages_skip_test_passed=False, packages_select=None, packages_skip=None, packages_select_regex=None, packages_skip_regex=None, packages_start=None, packages_end=None, cmake_args=None, cmake_target=None, cmake_target_skip_unavailable=False, cmake_clean_cache=False, cmake_clean_first=False, cmake_force_configure=False, ament_cmake_args=None, catkin_cmake_args=None, catkin_skip_building_tests=False, mixin_files=None, mixin=None, verb_parser=<colcon_mixin.mixin.mixin_argument.MixinArgumentDecorator object at 0xffffb9642710>, verb_extension=<colcon_core.verb.build.BuildVerb object at 0xffffb9e3ac50>, main=<bound method BuildVerb.main of <colcon_core.verb.build.BuildVerb object at 0xffffb9e3ac50>>, mixin_verb=('build',))
[0.179s] Level 1:colcon.colcon_core.package_discovery:discover_packages(colcon_meta) check parameters
[0.181s] INFO:colcon.colcon_metadata.package_discovery.colcon_meta:Using configuration from '/root/.colcon/metadata/default/Gazebo.meta'
[0.182s] INFO:colcon.colcon_metadata.package_discovery.colcon_meta:Using configuration from '/root/.colcon/metadata/default/fastrtps.meta'
[0.184s] Level 1:colcon.colcon_core.package_discovery:discover_packages(recursive) check parameters
[0.184s] Level 1:colcon.colcon_core.package_discovery:discover_packages(ignore) check parameters
[0.185s] Level 1:colcon.colcon_core.package_discovery:discover_packages(path) check parameters
[0.186s] Level 1:colcon.colcon_core.package_discovery:discover_packages(colcon_meta) discover
[0.187s] Level 1:colcon.colcon_core.package_discovery:discover_packages(recursive) discover
[0.187s] INFO:colcon.colcon_core.package_discovery:Crawling recursively for packages in '/tmp/GitHub-Repositories/Autonomous-Vehicle/autonomy_stack'
[0.188s] Level 1:colcon.colcon_core.package_identification:_identify(.) by extensions ['ignore', 'ignore_ament_install']
[0.189s] Level 1:colcon.colcon_core.package_identification:_identify(.) by extension 'ignore'
[0.190s] Level 1:colcon.colcon_core.package_identification:_identify(.) by extension 'ignore_ament_install'
[0.192s] Level 1:colcon.colcon_core.package_identification:_identify(.) by extensions ['colcon_pkg']
[0.193s] Level 1:colcon.colcon_core.package_identification:_identify(.) by extension 'colcon_pkg'
[0.194s] Level 1:colcon.colcon_core.package_identification:_identify(.) by extensions ['colcon_meta']
[0.195s] Level 1:colcon.colcon_core.package_identification:_identify(.) by extension 'colcon_meta'
[0.196s] Level 1:colcon.colcon_core.package_identification:_identify(.) by extensions ['ros']
[0.197s] Level 1:colcon.colcon_core.package_identification:_identify(.) by extension 'ros'
[0.208s] Level 1:colcon.colcon_core.package_identification:_identify(.) by extensions ['cmake', 'python']
[0.209s] Level 1:colcon.colcon_core.package_identification:_identify(.) by extension 'cmake'
[0.210s] Level 1:colcon.colcon_core.package_identification:_identify(.) by extension 'python'
[0.212s] Level 1:colcon.colcon_core.package_identification:_identify(.) by extensions ['python_setup_py']
[0.212s] Level 1:colcon.colcon_core.package_identification:_identify(.) by extension 'python_setup_py'
[0.215s] Level 1:colcon.colcon_core.package_identification:_identify(build) by extensions ['ignore', 'ignore_ament_install']
[0.217s] Level 1:colcon.colcon_core.package_identification:_identify(build) by extension 'ignore'
[0.217s] Level 1:colcon.colcon_core.package_identification:_identify(build) ignored
[0.220s] Level 1:colcon.colcon_core.package_identification:_identify(install) by extensions ['ignore', 'ignore_ament_install']
[0.221s] Level 1:colcon.colcon_core.package_identification:_identify(install) by extension 'ignore'
[0.222s] Level 1:colcon.colcon_core.package_identification:_identify(install) ignored
[0.227s] Level 1:colcon.colcon_core.package_identification:_identify(log) by extensions ['ignore', 'ignore_ament_install']
[0.227s] Level 1:colcon.colcon_core.package_identification:_identify(log) by extension 'ignore'
[0.228s] Level 1:colcon.colcon_core.package_identification:_identify(log) ignored
[0.229s] Level 1:colcon.colcon_core.package_identification:_identify(src) by extensions ['ignore', 'ignore_ament_install']
[0.229s] Level 1:colcon.colcon_core.package_identification:_identify(src) by extension 'ignore'
[0.231s] Level 1:colcon.colcon_core.package_identification:_identify(src) by extension 'ignore_ament_install'
[0.233s] Level 1:colcon.colcon_core.package_identification:_identify(src) by extensions ['colcon_pkg']
[0.233s] Level 1:colcon.colcon_core.package_identification:_identify(src) by extension 'colcon_pkg'
[0.235s] Level 1:colcon.colcon_core.package_identification:_identify(src) by extensions ['colcon_meta']
[0.235s] Level 1:colcon.colcon_core.package_identification:_identify(src) by extension 'colcon_meta'
[0.236s] Level 1:colcon.colcon_core.package_identification:_identify(src) by extensions ['ros']
[0.236s] Level 1:colcon.colcon_core.package_identification:_identify(src) by extension 'ros'
[0.240s] Level 1:colcon.colcon_core.package_identification:_identify(src) by extensions ['cmake', 'python']
[0.241s] Level 1:colcon.colcon_core.package_identification:_identify(src) by extension 'cmake'
[0.242s] Level 1:colcon.colcon_core.package_identification:_identify(src) by extension 'python'
[0.244s] Level 1:colcon.colcon_core.package_identification:_identify(src) by extensions ['python_setup_py']
[0.245s] Level 1:colcon.colcon_core.package_identification:_identify(src) by extension 'python_setup_py'
[0.246s] Level 1:colcon.colcon_core.package_identification:_identify(src/control_stack) by extensions ['ignore', 'ignore_ament_install']
[0.247s] Level 1:colcon.colcon_core.package_identification:_identify(src/control_stack) by extension 'ignore'
[0.248s] Level 1:colcon.colcon_core.package_identification:_identify(src/control_stack) by extension 'ignore_ament_install'
[0.251s] Level 1:colcon.colcon_core.package_identification:_identify(src/control_stack) by extensions ['colcon_pkg']
[0.252s] Level 1:colcon.colcon_core.package_identification:_identify(src/control_stack) by extension 'colcon_pkg'
[0.253s] Level 1:colcon.colcon_core.package_identification:_identify(src/control_stack) by extensions ['colcon_meta']
[0.254s] Level 1:colcon.colcon_core.package_identification:_identify(src/control_stack) by extension 'colcon_meta'
[0.254s] Level 1:colcon.colcon_core.package_identification:_identify(src/control_stack) by extensions ['ros']
[0.255s] Level 1:colcon.colcon_core.package_identification:_identify(src/control_stack) by extension 'ros'
[0.263s] DEBUG:colcon.colcon_core.package_identification:Package 'src/control_stack' with type 'ros.ament_python' and name 'control_stack'
[0.263s] Level 1:colcon.colcon_core.package_discovery:discover_packages(recursive) using defaults
[0.264s] Level 1:colcon.colcon_core.package_discovery:discover_packages(ignore) discover
[0.265s] Level 1:colcon.colcon_core.package_discovery:discover_packages(ignore) using defaults
[0.265s] Level 1:colcon.colcon_core.package_discovery:discover_packages(path) discover
[0.266s] Level 1:colcon.colcon_core.package_discovery:discover_packages(path) using defaults
[0.283s] Level 5:colcon.colcon_core.verb:set package 'control_stack' build argument 'cmake_args' from command line to 'None'
[0.284s] Level 5:colcon.colcon_core.verb:set package 'control_stack' build argument 'cmake_target' from command line to 'None'
[0.285s] Level 5:colcon.colcon_core.verb:set package 'control_stack' build argument 'cmake_target_skip_unavailable' from command line to 'False'
[0.287s] Level 5:colcon.colcon_core.verb:set package 'control_stack' build argument 'cmake_clean_cache' from command line to 'False'
[0.287s] Level 5:colcon.colcon_core.verb:set package 'control_stack' build argument 'cmake_clean_first' from command line to 'False'
[0.288s] Level 5:colcon.colcon_core.verb:set package 'control_stack' build argument 'cmake_force_configure' from command line to 'False'
[0.288s] Level 5:colcon.colcon_core.verb:set package 'control_stack' build argument 'ament_cmake_args' from command line to 'None'
[0.289s] Level 5:colcon.colcon_core.verb:set package 'control_stack' build argument 'catkin_cmake_args' from command line to 'None'
[0.290s] Level 5:colcon.colcon_core.verb:set package 'control_stack' build argument 'catkin_skip_building_tests' from command line to 'False'
[0.291s] DEBUG:colcon.colcon_core.verb:Building package 'control_stack' with the following arguments: {'ament_cmake_args': None, 'build_base': '/tmp/GitHub-Repositories/Autonomous-Vehicle/autonomy_stack/build/control_stack', 'catkin_cmake_args': None, 'catkin_skip_building_tests': False, 'cmake_args': None, 'cmake_clean_cache': False, 'cmake_clean_first': False, 'cmake_force_configure': False, 'cmake_target': None, 'cmake_target_skip_unavailable': False, 'install_base': '/tmp/GitHub-Repositories/Autonomous-Vehicle/autonomy_stack/install/control_stack', 'merge_install': False, 'path': '/tmp/GitHub-Repositories/Autonomous-Vehicle/autonomy_stack/src/control_stack', 'symlink_install': False, 'test_result_base': None}
[0.292s] INFO:colcon.colcon_core.executor:Executing jobs using 'parallel' executor
[0.293s] DEBUG:colcon.colcon_parallel_executor.executor.parallel:run_until_complete
[0.294s] INFO:colcon.colcon_ros.task.ament_python.build:Building ROS package in '/tmp/GitHub-Repositories/Autonomous-Vehicle/autonomy_stack/src/control_stack' with build type 'ament_python'
[0.295s] Level 1:colcon.colcon_core.shell:create_environment_hook('control_stack', 'ament_prefix_path')
[0.298s] INFO:colcon.colcon_core.plugin_system:Skipping extension 'colcon_core.shell.bat': Not used on non-Windows systems
[0.299s] INFO:colcon.colcon_core.shell:Creating environment hook '/tmp/GitHub-Repositories/Autonomous-Vehicle/autonomy_stack/install/control_stack/share/control_stack/hook/ament_prefix_path.ps1'
[0.306s] INFO:colcon.colcon_core.shell:Creating environment descriptor '/tmp/GitHub-Repositories/Autonomous-Vehicle/autonomy_stack/install/control_stack/share/control_stack/hook/ament_prefix_path.dsv'
[0.311s] INFO:colcon.colcon_core.shell:Creating environment hook '/tmp/GitHub-Repositories/Autonomous-Vehicle/autonomy_stack/install/control_stack/share/control_stack/hook/ament_prefix_path.sh'
[0.315s] INFO:colcon.colcon_core.shell:Skip shell extension 'powershell' for command environment: Not usable outside of PowerShell
[0.316s] DEBUG:colcon.colcon_core.shell:Skip shell extension 'dsv' for command environment
[0.443s] INFO:colcon.colcon_core.task.python.build:Building Python package in '/tmp/GitHub-Repositories/Autonomous-Vehicle/autonomy_stack/src/control_stack'
[0.444s] INFO:colcon.colcon_core.shell:Skip shell extension 'powershell' for command environment: Not usable outside of PowerShell
[0.445s] DEBUG:colcon.colcon_core.shell:Skip shell extension 'dsv' for command environment
[0.645s] DEBUG:colcon.colcon_core.event_handler.log_command:Invoking command in '/tmp/GitHub-Repositories/Autonomous-Vehicle/autonomy_stack/src/control_stack': PYTHONPATH=/tmp/GitHub-Repositories/Autonomous-Vehicle/autonomy_stack/install/control_stack/lib/python3.10/site-packages:${PYTHONPATH} /usr/bin/python3 setup.py egg_info --egg-base ../../build/control_stack build --build-base /tmp/GitHub-Repositories/Autonomous-Vehicle/autonomy_stack/build/control_stack/build install --prefix /tmp/GitHub-Repositories/Autonomous-Vehicle/autonomy_stack/install/control_stack --record /tmp/GitHub-Repositories/Autonomous-Vehicle/autonomy_stack/build/control_stack/install.log --single-version-externally-managed
[0.928s] DEBUG:colcon.colcon_core.event_handler.log_command:Invoked command in '/tmp/GitHub-Repositories/Autonomous-Vehicle/autonomy_stack/src/control_stack' returned '0': PYTHONPATH=/tmp/GitHub-Repositories/Autonomous-Vehicle/autonomy_stack/install/control_stack/lib/python3.10/site-packages:${PYTHONPATH} /usr/bin/python3 setup.py egg_info --egg-base ../../build/control_stack build --build-base /tmp/GitHub-Repositories/Autonomous-Vehicle/autonomy_stack/build/control_stack/build install --prefix /tmp/GitHub-Repositories/Autonomous-Vehicle/autonomy_stack/install/control_stack --record /tmp/GitHub-Repositories/Autonomous-Vehicle/autonomy_stack/build/control_stack/install.log --single-version-externally-managed
[0.929s] Level 1:colcon.colcon_core.environment:checking '/tmp/GitHub-Repositories/Autonomous-Vehicle/autonomy_stack/install/control_stack' for CMake module files
[0.949s] Level 1:colcon.colcon_core.environment:checking '/tmp/GitHub-Repositories/Autonomous-Vehicle/autonomy_stack/install/control_stack' for CMake config files
[0.962s] Level 1:colcon.colcon_core.environment:checking '/tmp/GitHub-Repositories/Autonomous-Vehicle/autonomy_stack/install/control_stack/lib'
[0.963s] Level 1:colcon.colcon_core.environment:checking '/tmp/GitHub-Repositories/Autonomous-Vehicle/autonomy_stack/install/control_stack/bin'
[0.965s] Level 1:colcon.colcon_core.environment:checking '/tmp/GitHub-Repositories/Autonomous-Vehicle/autonomy_stack/install/control_stack/lib/pkgconfig/control_stack.pc'
[0.966s] Level 1:colcon.colcon_core.environment:checking '/tmp/GitHub-Repositories/Autonomous-Vehicle/autonomy_stack/install/control_stack/lib/python3.10/site-packages'
[0.967s] Level 1:colcon.colcon_core.shell:create_environment_hook('control_stack', 'pythonpath')
[0.968s] INFO:colcon.colcon_core.shell:Creating environment hook '/tmp/GitHub-Repositories/Autonomous-Vehicle/autonomy_stack/install/control_stack/share/control_stack/hook/pythonpath.ps1'
[0.973s] INFO:colcon.colcon_core.shell:Creating environment descriptor '/tmp/GitHub-Repositories/Autonomous-Vehicle/autonomy_stack/install/control_stack/share/control_stack/hook/pythonpath.dsv'
[0.977s] INFO:colcon.colcon_core.shell:Creating environment hook '/tmp/GitHub-Repositories/Autonomous-Vehicle/autonomy_stack/install/control_stack/share/control_stack/hook/pythonpath.sh'
[0.981s] Level 1:colcon.colcon_core.environment:checking '/tmp/GitHub-Repositories/Autonomous-Vehicle/autonomy_stack/install/control_stack/bin'
[0.982s] Level 1:colcon.colcon_core.environment:create_environment_scripts_only(control_stack)
[0.983s] INFO:colcon.colcon_core.shell:Creating package script '/tmp/GitHub-Repositories/Autonomous-Vehicle/autonomy_stack/install/control_stack/share/control_stack/package.ps1'
[0.988s] INFO:colcon.colcon_core.shell:Creating package descriptor '/tmp/GitHub-Repositories/Autonomous-Vehicle/autonomy_stack/install/control_stack/share/control_stack/package.dsv'
[0.994s] INFO:colcon.colcon_core.shell:Creating package script '/tmp/GitHub-Repositories/Autonomous-Vehicle/autonomy_stack/install/control_stack/share/control_stack/package.sh'
[0.997s] INFO:colcon.colcon_core.shell:Creating package script '/tmp/GitHub-Repositories/Autonomous-Vehicle/autonomy_stack/install/control_stack/share/control_stack/package.bash'
[1.001s] INFO:colcon.colcon_core.shell:Creating package script '/tmp/GitHub-Repositories/Autonomous-Vehicle/autonomy_stack/install/control_stack/share/control_stack/package.zsh'
[1.004s] Level 1:colcon.colcon_core.environment:create_file_with_runtime_dependencies(/tmp/GitHub-Repositories/Autonomous-Vehicle/autonomy_stack/install/control_stack/share/colcon-core/packages/control_stack)
[1.008s] DEBUG:colcon.colcon_parallel_executor.executor.parallel:closing loop
[1.010s] DEBUG:colcon.colcon_parallel_executor.executor.parallel:loop closed
[1.011s] DEBUG:colcon.colcon_parallel_executor.executor.parallel:run_until_complete finished with '0'
[1.011s] DEBUG:colcon.colcon_core.event_reactor:joining thread
[1.017s] INFO:colcon.colcon_core.plugin_system:Skipping extension 'colcon_notification.desktop_notification.notify_send': Could not find 'notify-send'
[1.018s] INFO:colcon.colcon_core.plugin_system:Skipping extension 'colcon_notification.desktop_notification.terminal_notifier': Not used on non-Darwin systems
[1.018s] INFO:colcon.colcon_core.plugin_system:Skipping extension 'colcon_notification.desktop_notification.win32': Not used on non-Windows systems
[1.019s] INFO:colcon.colcon_notification.desktop_notification:Sending desktop notification using 'notify2'
[1.019s] DEBUG:colcon.colcon_notification.desktop_notification.notify2:Failed to initialize notify2: org.freedesktop.DBus.Error.NotSupported: Unable to autolaunch a dbus-daemon without a $DISPLAY for X11
[1.020s] DEBUG:colcon.colcon_core.event_reactor:joined thread
[1.021s] INFO:colcon.colcon_core.shell:Creating prefix script '/tmp/GitHub-Repositories/Autonomous-Vehicle/autonomy_stack/install/local_setup.ps1'
[1.027s] INFO:colcon.colcon_core.shell:Creating prefix util module '/tmp/GitHub-Repositories/Autonomous-Vehicle/autonomy_stack/install/_local_setup_util_ps1.py'
[1.035s] INFO:colcon.colcon_core.shell:Creating prefix chain script '/tmp/GitHub-Repositories/Autonomous-Vehicle/autonomy_stack/install/setup.ps1'
[1.040s] INFO:colcon.colcon_core.shell:Creating prefix script '/tmp/GitHub-Repositories/Autonomous-Vehicle/autonomy_stack/install/local_setup.sh'
[1.045s] INFO:colcon.colcon_core.shell:Creating prefix util module '/tmp/GitHub-Repositories/Autonomous-Vehicle/autonomy_stack/install/_local_setup_util_sh.py'
[1.050s] INFO:colcon.colcon_core.shell:Creating prefix chain script '/tmp/GitHub-Repositories/Autonomous-Vehicle/autonomy_stack/install/setup.sh'
[1.054s] INFO:colcon.colcon_core.shell:Creating prefix script '/tmp/GitHub-Repositories/Autonomous-Vehicle/autonomy_stack/install/local_setup.bash'
[1.059s] INFO:colcon.colcon_core.shell:Creating prefix chain script '/tmp/GitHub-Repositories/Autonomous-Vehicle/autonomy_stack/install/setup.bash'
[1.064s] INFO:colcon.colcon_core.shell:Creating prefix script '/tmp/GitHub-Repositories/Autonomous-Vehicle/autonomy_stack/install/local_setup.zsh'
[1.068s] INFO:colcon.colcon_core.shell:Creating prefix chain script '/tmp/GitHub-Repositories/Autonomous-Vehicle/autonomy_stack/install/setup.zsh'
