running egg_info
writing ../../build/control_stack/control_stack.egg-info/PKG-INFO
writing dependency_links to ../../build/control_stack/control_stack.egg-info/dependency_links.txt
writing entry points to ../../build/control_stack/control_stack.egg-info/entry_points.txt
writing requirements to ../../build/control_stack/control_stack.egg-info/requires.txt
writing top-level names to ../../build/control_stack/control_stack.egg-info/top_level.txt
reading manifest file '../../build/control_stack/control_stack.egg-info/SOURCES.txt'
writing manifest file '../../build/control_stack/control_stack.egg-info/SOURCES.txt'
running build
running build_py
running install
/usr/lib/python3/dist-packages/setuptools/command/install.py:34: SetuptoolsDeprecationWarning: setup.py install is deprecated. Use build and pip and other standards-based tools.
  warnings.warn(
running install_lib
running install_data
copying package.xml -> /tmp/GitHub-Repositories/Autonomous-Vehicle/autonomy_stack/install/control_stack/share/control_stack
running install_egg_info
removing '/tmp/GitHub-Repositories/Autonomous-Vehicle/autonomy_stack/install/control_stack/lib/python3.10/site-packages/control_stack-0.0.0-py3.10.egg-info' (and everything under it)
Copying ../../build/control_stack/control_stack.egg-info to /tmp/GitHub-Repositories/Autonomous-Vehicle/autonomy_stack/install/control_stack/lib/python3.10/site-packages/control_stack-0.0.0-py3.10.egg-info
running install_scripts
writing list of installed files to '/tmp/GitHub-Repositories/Autonomous-Vehicle/autonomy_stack/build/control_stack/install.log'
