[0.346s] Invoking command in '/tmp/GitHub-Repositories/Autonomous-Vehicle/autonomy_stack/src/control_stack': PYTHONPATH=/tmp/GitHub-Repositories/Autonomous-Vehicle/autonomy_stack/install/control_stack/lib/python3.10/site-packages:${PYTHONPATH} /usr/bin/python3 setup.py egg_info --egg-base ../../build/control_stack build --build-base /tmp/GitHub-Repositories/Autonomous-Vehicle/autonomy_stack/build/control_stack/build install --prefix /tmp/GitHub-Repositories/Autonomous-Vehicle/autonomy_stack/install/control_stack --record /tmp/GitHub-Repositories/Autonomous-Vehicle/autonomy_stack/build/control_stack/install.log --single-version-externally-managed
[0.444s] running egg_info
[0.448s] writing ../../build/control_stack/control_stack.egg-info/PKG-INFO
[0.451s] writing dependency_links to ../../build/control_stack/control_stack.egg-info/dependency_links.txt
[0.456s] writing entry points to ../../build/control_stack/control_stack.egg-info/entry_points.txt
[0.459s] writing requirements to ../../build/control_stack/control_stack.egg-info/requires.txt
[0.461s] writing top-level names to ../../build/control_stack/control_stack.egg-info/top_level.txt
[0.476s] reading manifest file '../../build/control_stack/control_stack.egg-info/SOURCES.txt'
[0.482s] writing manifest file '../../build/control_stack/control_stack.egg-info/SOURCES.txt'
[0.486s] running build
[0.489s] running build_py
[0.493s] running install
[0.496s] /usr/lib/python3/dist-packages/setuptools/command/install.py:34: SetuptoolsDeprecationWarning: setup.py install is deprecated. Use build and pip and other standards-based tools.
[0.500s]   warnings.warn(
[0.505s] running install_lib
[0.508s] running install_data
[0.511s] copying package.xml -> /tmp/GitHub-Repositories/Autonomous-Vehicle/autonomy_stack/install/control_stack/share/control_stack
[0.514s] running install_egg_info
[0.518s] removing '/tmp/GitHub-Repositories/Autonomous-Vehicle/autonomy_stack/install/control_stack/lib/python3.10/site-packages/control_stack-0.0.0-py3.10.egg-info' (and everything under it)
[0.522s] Copying ../../build/control_stack/control_stack.egg-info to /tmp/GitHub-Repositories/Autonomous-Vehicle/autonomy_stack/install/control_stack/lib/python3.10/site-packages/control_stack-0.0.0-py3.10.egg-info
[0.590s] running install_scripts
[0.607s] writing list of installed files to '/tmp/GitHub-Repositories/Autonomous-Vehicle/autonomy_stack/build/control_stack/install.log'
[0.624s] Invoked command in '/tmp/GitHub-Repositories/Autonomous-Vehicle/autonomy_stack/src/control_stack' returned '0': PYTHONPATH=/tmp/GitHub-Repositories/Autonomous-Vehicle/autonomy_stack/install/control_stack/lib/python3.10/site-packages:${PYTHONPATH} /usr/bin/python3 setup.py egg_info --egg-base ../../build/control_stack build --build-base /tmp/GitHub-Repositories/Autonomous-Vehicle/autonomy_stack/build/control_stack/build install --prefix /tmp/GitHub-Repositories/Autonomous-Vehicle/autonomy_stack/install/control_stack --record /tmp/GitHub-Repositories/Autonomous-Vehicle/autonomy_stack/build/control_stack/install.log --single-version-externally-managed
